  ProcessMsg.cpp
ProcessMsg.cpp(46): warning C4267: 'argument': conversion from 'size_t' to 'int', possible loss of data
ProcessMsg.cpp(58): warning C4267: 'initializing': conversion from 'size_t' to 'int', possible loss of data
ProcessMsg.cpp(61): warning C4267: 'argument': conversion from 'size_t' to 'int', possible loss of data
ProcessMsg.cpp(73): warning C4267: 'initializing': conversion from 'size_t' to 'int', possible loss of data
ProcessMsg.cpp(76): warning C4267: 'argument': conversion from 'size_t' to 'int', possible loss of data
  StringProcess.cpp
StringProcess.cpp(24): warning C4267: 'initializing': conversion from 'size_t' to 'int', possible loss of data
StringProcess.cpp(32): warning C4267: 'initializing': conversion from 'size_t' to 'int', possible loss of data
StringProcess.cpp(50): warning C4267: 'initializing': conversion from 'size_t' to 'int', possible loss of data
  server.cpp
server.cpp(74): warning C4267: 'initializing': conversion from 'size_t' to 'int', possible loss of data
server.cpp(78): warning C4267: '=': conversion from 'size_t' to 'int', possible loss of data
server.cpp(109): warning C4267: 'argument': conversion from 'size_t' to 'int', possible loss of data
server.cpp(116): warning C4267: 'initializing': conversion from 'size_t' to 'int', possible loss of data
server.cpp(120): warning C4267: '=': conversion from 'size_t' to 'int', possible loss of data
server.cpp(163): warning C4267: 'argument': conversion from 'size_t' to 'int', possible loss of data
server.cpp(171): warning C4267: 'initializing': conversion from 'size_t' to 'int', possible loss of data
server.cpp(175): warning C4267: '=': conversion from 'size_t' to 'int', possible loss of data
server.cpp(198): warning C4267: 'initializing': conversion from 'size_t' to 'int', possible loss of data
server.cpp(46): warning C4101: 'recvbuf': unreferenced local variable
server.cpp(44): warning C4101: 'iResult': unreferenced local variable
server.cpp(45): warning C4101: 'iSendResult': unreferenced local variable
server.cpp(248): warning C4101: 'recvbuf': unreferenced local variable
server.cpp(247): warning C4101: 'iSendResult': unreferenced local variable
  Generating code
  14 of 1172 functions ( 1.2%) were compiled, the rest were copied from previous compilation.
    0 functions were new in current compilation
    22 functions had inline decision re-evaluated but remain unchanged
  Finished generating code
  IRC_Server.vcxproj -> C:\Users\tuedoan\git\CS594\IRC\x64\Release\IRC_Server.exe
  IRC_Server.vcxproj -> C:\Users\tuedoan\git\CS594\IRC\x64\Release\IRC_Server.pdb (Full PDB)
